<?xml version="1.0" encoding="UTF-8"?>
<testng-results ignored="0" total="1" passed="1" failed="0" skipped="0">
  <reporter-output>
  </reporter-output>
  <suite started-at="2024-12-30T13:02:55 IST" name="Default suite" finished-at="2024-12-30T13:06:22 IST" duration-ms="207457">
    <groups>
    </groups>
    <test started-at="2024-12-30T13:02:55 IST" name="Default test" finished-at="2024-12-30T13:06:22 IST" duration-ms="207457">
      <class name="testPackage.testAutomation">
        <test-method is-config="true" signature="setup()[pri:0, instance:testPackage.testAutomation@4c60d6e9]" started-at="2024-12-30T13:02:55 IST" name="setup" finished-at="2024-12-30T13:03:00 IST" duration-ms="5056" status="PASS">
          <reporter-output>
          </reporter-output>
        </test-method> <!-- setup -->
        <test-method signature="click()[pri:0, instance:testPackage.testAutomation@4c60d6e9]" started-at="2024-12-30T13:03:00 IST" name="click" finished-at="2024-12-30T13:06:22 IST" duration-ms="202296" status="PASS">
          <reporter-output>
          </reporter-output>
        </test-method> <!-- click -->
      </class> <!-- testPackage.testAutomation -->
    </test> <!-- Default test -->
  </suite> <!-- Default suite -->
</testng-results>
